2023-05-07 23:12:53,692 INFO a.t.StoreTests [main] --------------TEST 1--------------------
2023-05-07 23:36:28,142 INFO a.t.StoreTests [main] -------------- Store Test 2 Start --------------------
2023-05-07 23:36:48,690 INFO a.t.StoreTests [main] -------------- Store Test 1 Start --------------------
2023-05-07 23:36:51,020 INFO a.t.StoreTests [main] -------------- Store Test 1 End --------------------
2023-05-08 05:11:07,730 INFO a.t.StoreTests [main] -------------- Store Test 1 Start --------------------
2023-05-08 05:11:10,397 INFO a.t.StoreTests [main] -------------- Store Test 1 End --------------------
2023-05-08 05:11:10,405 INFO a.t.StoreTests [main] -------------- Store Test 2 Start --------------------
2023-05-13 12:25:00,482 INFO a.t.StoreTests [main] -------------- Store Test 1 Start --------------------
2023-05-13 12:25:03,116 INFO a.t.StoreTests [main] -------------- Store Test 1 End --------------------
2023-05-13 12:25:03,121 INFO a.t.StoreTests [main] -------------- Store Test 2 Start --------------------
2023-05-13 12:25:04,879 INFO a.t.StoreTests [main] -------------- Store Test 2 End --------------------
2023-05-25 13:33:21,965 INFO a.t.UserTests [main] -------------- User Test 1 Start --------------------
2023-05-25 13:33:29,879 INFO a.t.UserTests [main] -------------- User Test 1 End --------------------
2023-05-25 13:33:45,779 INFO a.t.StoreTests [main] -------------- Store Test 1 Start --------------------
2023-05-25 13:33:50,188 INFO a.t.StoreTests [main] -------------- Store Test 1 End --------------------
2023-05-25 13:33:50,195 INFO a.t.StoreTests [main] -------------- Store Test 2 Start --------------------
2024-06-03 00:46:57,379 INFO a.t.StoreTests [main] -------------- Store Test 1 Start --------------------
2024-06-03 00:47:00,026 INFO a.t.StoreTests [main] -------------- Store Test 1 End --------------------
2024-06-03 00:47:00,037 INFO a.t.StoreTests [main] -------------- Store Test 2 Start --------------------
2024-06-03 00:47:02,036 INFO a.t.StoreTests [main] -------------- Store Test 2 End --------------------
2024-06-03 00:58:38,227 INFO a.t.StoreTests [main] -------------- Store Test 1 Start --------------------
2024-06-03 00:58:40,612 INFO a.t.StoreTests [main] -------------- Store Test 1 End --------------------
2024-06-03 00:58:40,620 INFO a.t.StoreTests [main] -------------- Store Test 2 Start --------------------
2024-06-03 00:58:42,299 INFO a.t.StoreTests [main] -------------- Store Test 2 End --------------------
