2024-06-03 01:06:09 INFO  Log:18 - ================scenario_01 TEST START======================
2024-06-03 01:06:09 INFO  Log:26 - This is scenario_01
2024-06-03 01:10:37 INFO  Log:18 - ================Scenario_01 TEST START======================
2024-06-03 01:10:37 INFO  Log:26 - This is Scenario_01
2024-06-03 01:10:39 INFO  Log:22 - ===============Scenario_01 TEST END=========================
2024-06-03 01:10:39 INFO  Log:18 - ================Scenario_02 TEST START======================
2024-06-03 01:10:39 INFO  Log:26 - This is Scenario_02
2024-06-03 01:10:41 INFO  Log:18 - ================Scenario_03 TEST START======================
2024-06-03 01:10:41 INFO  Log:26 - This is Scenario_03
2024-06-03 01:10:42 INFO  Log:22 - ===============Scenario_03 TEST END=========================
2024-06-03 01:12:50 INFO  Log:18 - ================Scenario_01 TEST START======================
2024-06-03 01:12:50 INFO  Log:26 - This is Scenario_01
2024-06-03 01:12:52 INFO  Log:22 - ===============Scenario_01 TEST END=========================
2024-06-03 01:12:52 INFO  Log:18 - ================Scenario_02 TEST START======================
2024-06-03 01:12:52 INFO  Log:26 - This is Scenario_02
2024-06-03 01:12:54 INFO  Log:18 - ================Scenario_03 TEST START======================
2024-06-03 01:12:54 INFO  Log:26 - This is Scenario_03
2024-06-03 01:12:55 INFO  Log:22 - ===============Scenario_03 TEST END=========================
2024-06-03 01:14:01 INFO  Log:18 - ================Scenario_01 TEST START======================
2024-06-03 01:14:01 INFO  Log:26 - This is Scenario_01
2024-06-03 01:14:03 INFO  Log:22 - ===============Scenario_01 TEST END=========================
2024-06-03 01:14:03 INFO  Log:18 - ================Scenario_02 TEST START======================
2024-06-03 01:14:03 INFO  Log:26 - This is Scenario_02
2024-06-03 01:14:05 INFO  Log:22 - ===============Scenario_02 TEST END=========================
2024-06-03 01:14:05 INFO  Log:18 - ================Scenario_03 TEST START======================
2024-06-03 01:14:05 INFO  Log:26 - This is Scenario_03
2024-06-03 01:14:06 INFO  Log:22 - ===============Scenario_03 TEST END=========================
2024-06-03 01:38:54 INFO  Log:18 - ================Store Module Scenario_01 TEST START======================
2024-06-03 01:38:54 INFO  Log:26 - This is Store Module Scenario_01
2024-06-03 01:38:56 INFO  Log:22 - ===============Store Module Scenario_01 TEST END=========================
2024-06-03 01:38:56 INFO  Log:18 - ================Store Module Scenario_02 TEST START======================
2024-06-03 01:38:56 INFO  Log:26 - This is Store Module Scenario_02
2024-06-03 01:38:58 INFO  Log:18 - ================Store Module Scenario_03 TEST START======================
2024-06-03 01:38:58 INFO  Log:26 - This is Store Module Scenario_03
2024-06-03 01:38:59 INFO  Log:22 - ===============Store Module Scenario_03 TEST END=========================
2024-06-03 01:43:26 INFO  Log:18 - ================Store Module Scenario_01 TEST START======================
2024-06-03 01:43:26 INFO  Log:26 - This is Store Module Scenario_01
2024-06-03 01:43:28 INFO  Log:22 - ===============Store Module Scenario_01 TEST END=========================
2024-06-03 01:43:28 INFO  Log:18 - ================Store Module Scenario_02 TEST START======================
2024-06-03 01:43:28 INFO  Log:26 - This is Store Module Scenario_02
2024-06-03 01:43:30 INFO  Log:18 - ================Store Module Scenario_03 TEST START======================
2024-06-03 01:43:30 INFO  Log:26 - This is Store Module Scenario_03
2024-06-03 01:43:31 INFO  Log:22 - ===============Store Module Scenario_03 TEST END=========================
2024-06-03 02:23:21 INFO  Log:18 - ================Store Module Scenario_01 TEST START======================
2024-06-03 02:23:21 INFO  Log:26 - This is Store Module Scenario_01
2024-06-03 02:23:23 INFO  Log:22 - ===============Store Module Scenario_01 TEST END=========================
2024-06-03 02:23:25 INFO  Log:18 - ================Store Module Scenario_02 TEST START======================
2024-06-03 02:23:25 INFO  Log:26 - This is Store Module Scenario_02
2024-06-03 02:23:26 INFO  Log:18 - ================Store Module Scenario_03 TEST START======================
2024-06-03 02:23:26 INFO  Log:26 - This is Store Module Scenario_03
2024-06-03 02:25:04 INFO  Log:18 - ================Store Module Scenario_01 TEST START======================
2024-06-03 02:25:04 INFO  Log:26 - This is Store Module Scenario_01
2024-06-03 02:25:06 INFO  Log:22 - ===============Store Module Scenario_01 TEST END=========================
2024-06-03 02:25:07 INFO  Log:18 - ================Store Module Scenario_02 TEST START======================
2024-06-03 02:25:07 INFO  Log:26 - This is Store Module Scenario_02
2024-06-03 02:25:09 INFO  Log:18 - ================Store Module Scenario_03 TEST START======================
2024-06-03 02:25:09 INFO  Log:26 - This is Store Module Scenario_03
2024-06-03 02:25:11 INFO  Log:22 - ===============Store Module Scenario_03 TEST END=========================
2024-06-03 02:27:35 INFO  Log:18 - ================Store Module Scenario_01 TEST START======================
2024-06-03 02:27:35 INFO  Log:26 - This is Store Module Scenario_01
2024-06-03 02:27:37 INFO  Log:22 - ===============Store Module Scenario_01 TEST END=========================
2024-06-03 02:27:38 INFO  Log:18 - ================Store Module Scenario_02 TEST START======================
2024-06-03 02:27:38 INFO  Log:26 - This is Store Module Scenario_02
2024-06-03 02:27:40 INFO  Log:22 - ===============Store Module Scenario_02 TEST END=========================
2024-06-03 02:27:41 INFO  Log:18 - ================Store Module Scenario_03 TEST START======================
2024-06-03 02:27:41 INFO  Log:26 - This is Store Module Scenario_03
2024-06-03 02:27:42 INFO  Log:22 - ===============Store Module Scenario_03 TEST END=========================
2024-06-03 02:42:47 INFO  Log:18 - ================Store Module Scenario_01 TEST START======================
2024-06-03 02:42:47 INFO  Log:26 - This is Store Module Scenario_01
2024-06-03 02:42:52 INFO  Log:22 - ===============Store Module Scenario_01 TEST END=========================
2024-06-03 02:42:54 INFO  Log:18 - ================Store Module Scenario_02 TEST START======================
2024-06-03 02:42:54 INFO  Log:26 - This is Store Module Scenario_02
2024-06-03 02:42:56 INFO  Log:22 - ===============Store Module Scenario_02 TEST END=========================
2024-06-03 02:42:57 INFO  Log:18 - ================Store Module Scenario_03 TEST START======================
2024-06-03 02:42:57 INFO  Log:26 - This is Store Module Scenario_03
2024-06-03 02:42:58 INFO  Log:22 - ===============Store Module Scenario_03 TEST END=========================
2024-06-03 02:43:54 INFO  Log:18 - ================Store Module Scenario_01 TEST START======================
2024-06-03 02:43:54 INFO  Log:26 - This is Store Module Scenario_01
2024-06-03 02:43:56 INFO  Log:22 - ===============Store Module Scenario_01 TEST END=========================
2024-06-03 02:43:58 INFO  Log:18 - ================Store Module Scenario_02 TEST START======================
2024-06-03 02:43:58 INFO  Log:26 - This is Store Module Scenario_02
2024-06-03 02:43:59 INFO  Log:22 - ===============Store Module Scenario_02 TEST END=========================
2024-06-03 02:44:00 INFO  Log:18 - ================Store Module Scenario_03 TEST START======================
2024-06-03 02:44:00 INFO  Log:26 - This is Store Module Scenario_03
2024-06-03 02:44:01 INFO  Log:22 - ===============Store Module Scenario_03 TEST END=========================
2024-06-03 02:44:25 INFO  Log:18 - ================Store Module Scenario_01 TEST START======================
2024-06-03 02:44:25 INFO  Log:26 - This is Store Module Scenario_01
2024-06-03 02:44:27 INFO  Log:22 - ===============Store Module Scenario_01 TEST END=========================
2024-06-03 02:44:29 INFO  Log:18 - ================Store Module Scenario_02 TEST START======================
2024-06-03 02:44:29 INFO  Log:26 - This is Store Module Scenario_02
2024-06-03 02:44:30 INFO  Log:22 - ===============Store Module Scenario_02 TEST END=========================
2024-06-03 02:44:31 INFO  Log:18 - ================Store Module Scenario_03 TEST START======================
2024-06-03 02:44:31 INFO  Log:26 - This is Store Module Scenario_03
2024-06-03 02:44:32 INFO  Log:22 - ===============Store Module Scenario_03 TEST END=========================
2024-06-03 02:45:00 INFO  Log:18 - ================Store Module Scenario_01 TEST START======================
2024-06-03 02:45:00 INFO  Log:26 - This is Store Module Scenario_01
2024-06-03 02:45:03 INFO  Log:22 - ===============Store Module Scenario_01 TEST END=========================
2024-06-03 02:45:04 INFO  Log:18 - ================Store Module Scenario_02 TEST START======================
2024-06-03 02:45:04 INFO  Log:26 - This is Store Module Scenario_02
2024-06-03 02:45:06 INFO  Log:22 - ===============Store Module Scenario_02 TEST END=========================
2024-06-03 02:45:06 INFO  Log:18 - ================Store Module Scenario_03 TEST START======================
2024-06-03 02:45:06 INFO  Log:26 - This is Store Module Scenario_03
2024-06-03 02:45:07 INFO  Log:22 - ===============Store Module Scenario_03 TEST END=========================
2024-06-03 02:45:53 INFO  Log:18 - ================Store Module Scenario_01 TEST START======================
2024-06-03 02:45:53 INFO  Log:26 - This is Store Module Scenario_01
2024-06-03 02:45:55 INFO  Log:22 - ===============Store Module Scenario_01 TEST END=========================
2024-06-03 02:45:57 INFO  Log:18 - ================Store Module Scenario_02 TEST START======================
2024-06-03 02:45:57 INFO  Log:26 - This is Store Module Scenario_02
2024-06-03 02:46:00 INFO  Log:18 - ================Store Module Scenario_03 TEST START======================
2024-06-03 02:46:00 INFO  Log:26 - This is Store Module Scenario_03
2024-06-03 02:46:01 INFO  Log:22 - ===============Store Module Scenario_03 TEST END=========================
2024-06-03 22:52:50 INFO  Log:18 - ================Store Module Scenario_01 TEST START======================
2024-06-03 22:52:50 INFO  Log:26 - This is Store Module Scenario_01
2024-06-03 22:52:52 INFO  Log:22 - ===============Store Module Scenario_01 TEST END=========================
2024-06-03 22:52:53 INFO  Log:18 - ================Store Module Scenario_02 TEST START======================
2024-06-03 22:52:53 INFO  Log:26 - This is Store Module Scenario_02
2024-06-03 22:52:57 INFO  Log:18 - ================Store Module Scenario_03 TEST START======================
2024-06-03 22:52:57 INFO  Log:26 - This is Store Module Scenario_03
2024-06-03 22:52:58 INFO  Log:22 - ===============Store Module Scenario_03 TEST END=========================
